   2.3740678e-13      1.67172      1.67172
   1.7980671e-13      3.34344      2.36417
   1.6923811e-13      5.01516      2.89550
   1.4232970e-13      6.68688      3.34344
   1.1296942e-13      8.35860      3.73808
   1.0612942e-13      10.0314      4.09530
   8.9259139e-14      11.7102      4.42604
   8.5932928e-14      13.3905      4.73427
   8.4565501e-14      15.0715      5.02384
   8.3183536e-14      16.7529      5.29774
   8.0676282e-14      18.4354      5.55849
   7.2596556e-14      20.1215      5.80861
   6.9812604e-14      21.8079      6.04846
   6.0552665e-14      23.4980      6.28015
   5.9617181e-14      25.1890      6.50382
   5.7887290e-14      26.8806      6.72021
   5.2831726e-14      28.5744      6.93039
   5.1305915e-14      30.2689      7.13453
   4.9980696e-14      31.9638      7.33309
   4.8957313e-14      33.6587      7.52642
   4.7924798e-14      35.3545      7.71509
   4.7101238e-14      37.0510      7.89941
   4.6701149e-14      38.7476      8.07956
   4.5682319e-14      40.4452      8.25597
   4.3958979e-14      42.1429      8.42873
   4.3481167e-14      43.8407      8.59801
   4.2642274e-14      45.5393      8.76420
   4.1609831e-14      47.2391      8.92750
   4.1298185e-14      48.9391      9.08792
   4.0982073e-14      50.6395      9.24563
   4.0827044e-14      52.3402      9.40074
   3.8480856e-14      54.0430      9.55372
   3.8072512e-14      55.7461      9.70434
   3.7180565e-14      57.4496      9.85272
   3.6589038e-14      59.1540      9.99906
   3.5953619e-14      60.8589      10.1434
   3.4957042e-14      62.5653      10.2859
   3.4567974e-14      64.2720      10.4265
   3.3389440e-14      65.9798      10.5655
   3.2770153e-14      67.6887      10.7028
   3.2309680e-14      69.3978      10.8384
   3.2016540e-14      71.1078      10.9724
   3.1689970e-14      72.8180      11.1049
   3.0924638e-14      74.5293      11.2360
   3.0894024e-14      76.2406      11.3656
   3.0110245e-14      77.9533      11.4939
   2.9818112e-14      79.6665      11.6209
   2.9519729e-14      81.3798      11.7465
   2.9349476e-14      83.0932      11.8708
   2.9298037e-14      84.8065      11.9938
   2.8648268e-14      86.5208      12.1157
   2.8178103e-14      88.2361      12.2365
   2.7945976e-14      89.9519      12.3562
   2.7861897e-14      91.6680      12.4748
   2.7800657e-14      93.3843      12.5923
   2.7466341e-14      95.1012      12.7088
   2.7404189e-14      96.8184      12.8243
   2.7274110e-14      98.5361      12.9388
   2.7216796e-14      100.254      13.0524
   2.7150088e-14      101.972      13.1649
   2.6994479e-14      103.690      13.2766
   2.6633802e-14      105.409      13.3874
   2.6196565e-14      107.129      13.4975
   2.6139125e-14      108.849      13.6066
   2.5991649e-14      110.569      13.7149
   2.5819196e-14      112.290      13.8225
   2.5733524e-14      114.012      13.9293
   2.5568052e-14      115.734      14.0353
   2.5409419e-14      117.455      14.1405
   2.5262157e-14      119.178      14.2450
   2.3789288e-14      120.904      14.3493
   2.3295616e-14      122.631      14.4528
   2.3101959e-14      124.359      14.5558
   2.2662221e-14      126.090      14.6582
   2.2575200e-14      127.820      14.7600
   2.2560673e-14      129.551      14.8611
   2.2525080e-14      131.281      14.9616
   2.2486060e-14      133.012      15.0613
   2.2481535e-14      134.742      15.1604
   2.2421013e-14      136.474      15.2590
   2.1669293e-14      138.207      15.3571
   2.1635862e-14      139.940      15.4546
   2.1100745e-14      141.676      15.5517
   2.0809869e-14      143.412      15.6483
   2.0589985e-14      145.149      15.7445
   2.0419886e-14      146.887      15.8401
   2.0306173e-14      148.625      15.9351
   2.0194892e-14      150.363      16.0297
   2.0148690e-14      152.102      16.1236
   1.9614260e-14      153.843      16.2175
   1.9488106e-14      155.586      16.3108
   1.9418488e-14      157.329      16.4036
   1.9410666e-14      159.071      16.4959
   1.9239364e-14      160.814      16.5878
   1.9230023e-14      162.558      16.6792
   1.9220619e-14      164.301      16.7700
   1.9132662e-14      166.045      16.8605
   1.9095832e-14      167.789      16.9504
   1.8982845e-14      169.533      17.0399
   1.8871592e-14      171.278      17.1290
   1.8682800e-14      173.025      17.2178
   1.8642259e-14      174.771      17.3062
   1.8620565e-14      176.518      17.3941
   1.8375655e-14      178.266      17.4817
   1.8354431e-14      180.015      17.5690
   1.8248907e-14      181.765      17.6559
   1.8216948e-14      183.515      17.7424
   1.8211044e-14      185.265      17.8285
   1.8192988e-14      187.015      17.9142
   1.8094982e-14      188.765      17.9995
   1.8089282e-14      190.515      18.0844
   1.7814314e-14      192.268      18.1691
   1.7763290e-14      194.020      18.2535
   1.7662879e-14      195.774      18.3375
   1.7330313e-14      197.530      18.4214
   1.7324494e-14      199.286      18.5049
   1.7304658e-14      201.043      18.5881
   1.7273091e-14      202.800      18.6710
   1.7242011e-14      204.557      18.7535
   1.7202495e-14      206.315      18.8356
   1.7021886e-14      208.073      18.9175
   1.6957318e-14      209.832      18.9991
   1.6793233e-14      211.593      19.0806
   1.6768105e-14      213.354      19.1617
   1.6586972e-14      215.116      19.2425
   1.6536214e-14      216.878      19.3230
   1.6436423e-14      218.640      19.4032
   1.6429757e-14      220.402      19.4830
   1.6373129e-14      222.165      19.5626
   1.6359889e-14      223.927      19.6418
   1.6320016e-14      225.690      19.7208
   1.6270078e-14      227.453      19.7994
   1.6204203e-14      229.216      19.8778
   1.6136029e-14      230.980      19.9559
   1.6076639e-14      232.745      20.0338
   1.5865984e-14      234.511      20.1114
   1.5864867e-14      236.277      20.1888
   1.5828386e-14      238.043      20.2660
   1.5815124e-14      239.810      20.3428
   1.5759338e-14      241.577      20.4194
   1.5683334e-14      243.345      20.4958
   1.5671888e-14      245.112      20.5719
   1.5558402e-14      246.881      20.6478
   1.5513523e-14      248.650      20.7235
   1.5461723e-14      250.420      20.7989
   1.5403415e-14      252.189      20.8740
   1.5293130e-14      253.959      20.9489
   1.5181263e-14      255.730      21.0236
   1.5149885e-14      257.500      21.0980
   1.5134154e-14      259.270      21.1721
   1.5055737e-14      261.041      21.2460
   1.4530614e-14      262.815      21.3200
   1.4319552e-14      264.592      21.3939
   1.4284337e-14      266.369      21.4676
   1.4281752e-14      268.146      21.5410
   1.4205426e-14      269.923      21.6142
   1.4204593e-14      271.700      21.6871
   1.4197186e-14      273.477      21.7598
   1.4143035e-14      275.255      21.8323
   1.4089427e-14      277.033      21.9046
   1.4086761e-14      278.811      21.9766
   1.4058649e-14      280.589      22.0484
   1.3796887e-14      282.370      22.1202
   1.3689099e-14      284.152      22.1919
   1.3683784e-14      285.934      22.2633
   1.3632865e-14      287.716      22.3345
   1.3595521e-14      289.499      22.4056
   1.3578870e-14      291.282      22.4764
   1.3253312e-14      293.067      22.5472
   1.3009476e-14      294.854      22.6179
   1.2952571e-14      296.642      22.6885
   1.2886128e-14      298.431      22.7589
   1.2838945e-14      300.220      22.8291
   1.2826955e-14      302.009      22.8991
   1.2810161e-14      303.799      22.9689
   1.2805249e-14      305.588      23.0385
   1.2789224e-14      307.378      23.1079
   1.2747248e-14      309.168      23.1771
   1.2327206e-14      310.962      23.2465
   1.2279610e-14      312.757      23.3156
   1.2223833e-14      314.552      23.3846
   1.2177145e-14      316.348      23.4535
   1.2164128e-14      318.144      23.5222
   1.2158889e-14      319.941      23.5907
   1.2045595e-14      321.738      23.6591
   1.2000614e-14      323.536      23.7273
   1.1948484e-14      325.335      23.7954
   1.1934982e-14      327.133      23.8633
   1.1861325e-14      328.933      23.9310
   1.1835278e-14      330.733      23.9986
   1.1825057e-14      332.533      24.0660
   1.1759058e-14      334.334      24.1334
   1.1758196e-14      336.136      24.2005
   1.1626717e-14      337.940      24.2676
   1.1610029e-14      339.744      24.3346
   1.1444357e-14      341.549      24.4015
   1.1375026e-14      343.357      24.4683
   1.1316199e-14      345.166      24.5351
   1.1229474e-14      346.975      24.6017
   1.1107422e-14      348.787      24.6684
   1.1100210e-14      350.599      24.7348
   1.1021903e-14      352.412      24.8012
   1.1015440e-14      354.225      24.8674
   1.0908924e-14      356.040      24.9335
   1.0879238e-14      357.856      24.9995
   1.0862814e-14      359.672      25.0654
   1.0831953e-14      361.489      25.1312
   1.0778309e-14      363.307      25.1969
   1.0701338e-14      365.129      25.2627
   1.0690710e-14      366.951      25.3283
   1.0665332e-14      368.773      25.3937
   1.0661464e-14      370.595      25.4590
   1.0649161e-14      372.418      25.5242
   1.0646705e-14      374.241      25.5892
   1.0627164e-14      376.065      25.6542
   1.0603120e-14      377.890      25.7190
   1.0570994e-14      379.716      25.7837
   1.0565182e-14      381.542      25.8483
   1.0553396e-14      383.369      25.9128
   1.0552394e-14      385.195      25.9771
   1.0453988e-14      387.025      26.0414
   1.0421364e-14      388.856      26.1057
   1.0380493e-14      390.688      26.1699
   1.0329420e-14      392.522      26.2341
   1.0174246e-14      394.361      26.2985
   1.0124520e-14      396.203      26.3629
   1.0104135e-14      398.047      26.4273
   1.0060021e-14      399.891      26.4916
   1.0045760e-14      401.736      26.5558
   1.0032960e-14      403.581      26.6198
   1.0019009e-14      405.427      26.6837
   9.9942563e-15      407.274      26.7475
   9.9913278e-15      409.120      26.8112
   9.9669247e-15      410.967      26.8747
   9.8423883e-15      412.821      26.9385
   9.6497634e-15      414.682      27.0028
   9.6309293e-15      416.543      27.0669
   9.6266650e-15      418.405      27.1308
   9.5694166e-15      420.269      27.1947
   9.5044257e-15      422.135      27.2587
   9.4442165e-15      424.005      27.3228
   9.3948093e-15      425.877      27.3868
   9.3452418e-15      427.751      27.4508
   9.2485043e-15      429.628      27.5150
   9.2339169e-15      431.506      27.5790
   9.2005753e-15      433.387      27.6431
   9.1788348e-15      435.271      27.7072
   9.1520304e-15      437.157      27.7713
   9.0219190e-15      439.051      27.8358
   8.9434844e-15      440.948      27.9004
   8.9084931e-15      442.847      27.9649
   8.8148137e-15      444.752      28.0297
   8.7994425e-15      446.657      28.0944
   8.7945107e-15      448.562      28.1589
   8.7763862e-15      450.468      28.2234
   8.7739867e-15      452.375      28.2877
   8.7584291e-15      454.283      28.3520
   8.7511702e-15      456.193      28.4162
   8.7457657e-15      458.104      28.4804
   8.6806456e-15      460.017      28.5446
   8.6283494e-15      461.935      28.6090
   8.5092324e-15      463.864      28.6739
   8.4820120e-15      465.795      28.7389
   8.4223792e-15      467.733      28.8042
   8.4098530e-15      469.672      28.8693
   8.3980282e-15      471.611      28.9344
   8.3939446e-15      473.552      28.9994
   8.3926854e-15      475.492      29.0642
   8.3803824e-15      477.434      29.1290
   8.3258354e-15      479.381      29.1940
   8.3103876e-15      481.328      29.2589
   8.3061474e-15      483.276      29.3236
   8.2933926e-15      485.224      29.3883
   8.2693698e-15      487.175      29.4530
   8.2562229e-15      489.126      29.5175
   8.1748981e-15      491.086      29.5825
   8.1729622e-15      493.046      29.6474
   8.1541297e-15      495.007      29.7122
   8.1360112e-15      496.970      29.7769
   8.1132413e-15      498.936      29.8417
   8.0810151e-15      500.905      29.9067
   8.0511355e-15      502.878      29.9717
   8.0358617e-15      504.854      30.0367
   7.9802412e-15      506.835      30.1020
   7.9586380e-15      508.817      30.1672
   7.9440354e-15      510.802      30.2324
   7.9431444e-15      512.787      30.2975
   7.9409361e-15      514.772      30.3625
   7.9211540e-15      516.760      30.4275
   7.9198379e-15      518.748      30.4923
   7.9174645e-15      520.736      30.5571
   7.9137725e-15      522.725      30.6217
   7.8672629e-15      524.719      30.6866
   7.8526142e-15      526.716      30.7515
   7.8222450e-15      528.718      30.8166
   7.7954690e-15      530.725      30.8819
   7.7695560e-15      532.733      30.9471
   7.7190799e-15      534.747      31.0126
   7.6636703e-15      536.768      31.0783
   7.6236361e-15      538.795      31.1444
   7.5884996e-15      540.828      31.2107
   7.5778672e-15      542.862      31.2769
   7.5757521e-15      544.896      31.3429
   7.4626916e-15      546.947      31.4100
   7.4558000e-15      548.999      31.4770
   7.4291897e-15      551.057      31.5442
   7.4137097e-15      553.117      31.6113
   7.4044045e-15      555.176      31.6783
   7.3882155e-15      557.240      31.7455
   7.3619495e-15      559.306      31.8126
   7.3386438e-15      561.377      31.8800
   7.2136341e-15      563.470      31.9486
   7.1821098e-15      565.569      32.0175
   7.1816352e-15      567.667      32.0861
   7.0364661e-15      569.789      32.1562
   6.9743400e-15      571.924      32.2270
   6.9285876e-15      574.068      32.2983
   6.9118071e-15      576.215      32.3695
   6.8506964e-15      578.374      32.4415
   6.7722914e-15      580.550      32.5144
   6.7296802e-15      582.739      32.5880
   6.7107536e-15      584.932      32.6617
   6.7073040e-15      587.127      32.7353
   6.7005127e-15      589.322      32.8089
   6.6976790e-15      591.519      32.8823
   6.6386036e-15      593.731      32.9566
   6.6256208e-15      595.945      33.0310
   6.5334912e-15      598.184      33.1067
   6.5243364e-15      600.425      33.1825
   6.5055223e-15      602.672      33.2585
   6.4927473e-15      604.924      33.3346
   6.4883012e-15      607.176      33.4106
   6.4684588e-15      609.435      33.4869
   6.4679043e-15      611.695      33.5631
   6.4444295e-15      613.962      33.6395
   6.4412562e-15      616.229      33.7159
   6.4108692e-15      618.505      33.7926
   6.3999878e-15      620.784      33.8694
   6.3959818e-15      623.064      33.9460
   6.3884007e-15      625.345      34.0226
   6.3142144e-15      627.653      34.1007
   6.3140207e-15      629.960      34.1787
   6.2953679e-15      632.274      34.2570
   6.2856541e-15      634.592      34.3353
   6.2518696e-15      636.922      34.4143
   6.1338854e-15      639.296      34.4961
   6.1057848e-15      641.684      34.5786
   6.1014528e-15      644.074      34.6611
   6.0673498e-15      646.476      34.7442
   6.0640760e-15      648.880      34.8273
   6.0576339e-15      651.287      34.9104
   6.0549073e-15      653.695      34.9933
   6.0467718e-15      656.106      35.0763
   5.9519191e-15      658.555      35.1617
   5.9213116e-15      661.017      35.2478
   5.9102886e-15      663.483      35.3339
   5.8849238e-15      665.961      35.4207
   5.8754091e-15      668.443      35.5076
   5.8448160e-15      670.940      35.5953
   5.8254161e-15      673.450      35.6836
   5.7817038e-15      675.980      35.7732
   5.7388362e-15      678.535      35.8643
   5.7376378e-15      681.091      35.9553
   5.7338858e-15      683.649      36.0462
   5.6972963e-15      686.230      36.1385
   5.6912265e-15      688.815      36.2308
   5.6440826e-15      691.423      36.3246
   5.6427226e-15      694.032      36.4181
   5.6046747e-15      696.664      36.5131
   5.5782281e-15      699.312      36.6090
   5.5451110e-15      701.979      36.7060
   5.5402843e-15      704.650      36.8031
   5.5185914e-15      707.338      36.9011
   5.5158200e-15      710.028      36.9990
   5.4704699e-15      712.747      37.0988
   5.4380839e-15      715.496      37.2005
   5.4154199e-15      718.262      37.3032
   5.3550988e-15      721.078      37.4094
   5.3373866e-15      723.911      37.5164
   5.3317196e-15      726.748      37.6235
   5.3042288e-15      729.600      37.7315
   5.2697575e-15      732.473      37.8408
   5.2654927e-15      735.350      37.9500
   5.2509523e-15      738.237      38.0596
   5.2425731e-15      741.131      38.1695
   5.2323816e-15      744.034      38.2797
   5.2122004e-15      746.949      38.3905
   5.2079310e-15      749.867      38.5013
   5.1954064e-15      752.792      38.6122
   5.1817333e-15      755.728      38.7237
   5.1733393e-15      758.670      38.8353
   5.1724428e-15      761.613      38.9466
   5.1355410e-15      764.592      39.0604
   5.1214230e-15      767.585      39.1749
   5.0795896e-15      770.606      39.2912
   5.0289515e-15      773.682      39.4114
   4.9513009e-15      776.845      39.5381
   4.9481623e-15      780.011      39.6647
   4.9452890e-15      783.179      39.7910
   4.9095537e-15      786.385      39.9199
   4.9075731e-15      789.592      40.0486
   4.8829259e-15      792.825      40.1788
   4.8243726e-15      796.122      40.3139
   4.8091062e-15      799.437      40.4499
   4.8049249e-15      802.757      40.5860
   4.8035362e-15      806.080      40.7218
   4.7722631e-15      809.444      40.8605
   4.7692056e-15      812.811      40.9990
   4.7588658e-15      816.189      41.1379
   4.7552660e-15      819.570      41.2766
   4.7032169e-15      823.027      41.4211
   4.6673642e-15      826.535      41.5694
   4.6507774e-15      830.068      41.7192
   4.6505916e-15      833.601      41.8686
   4.6169382e-15      837.184      42.0216
   4.6025083e-15      840.787      42.1758
   4.5524711e-15      844.466      42.3360
   4.4753457e-15      848.288      42.5081
   4.4581152e-15      852.135      42.6818
   4.3881545e-15      856.097      42.8653
   4.3771606e-15      860.080      43.0500
   4.3433727e-15      864.131      43.2402
   4.3263550e-15      868.219      43.4330
   4.3189011e-15      872.316      43.6259
   4.3078077e-15      876.434      43.8197
   4.2557700e-15      880.657      44.0228
   4.2450731e-15      884.908      44.2275
   4.2295062e-15      889.194      44.4347
   4.2208860e-15      893.504      44.6433
   4.1761194e-15      897.927      44.8618
   4.1730369e-15      902.358      45.0802
   4.1594496e-15      906.827      45.3011
   4.1572315e-15      911.301      45.5215
   4.0656163e-15      916.013      45.7647
   4.0579169e-15      920.740      46.0081
   4.0280631e-15      925.531      46.2570
   3.9920852e-15      930.431      46.5158
   3.9684321e-15      935.411      46.7816
   3.9541010e-15      940.429      47.0499
   3.9383547e-15      945.488      47.3211
   3.9249791e-15      950.594      47.5958
   3.9104944e-15      955.759      47.8753
   3.8652159e-15      961.106      48.1729
   3.8355009e-15      966.555      48.4801
   3.8272780e-15      972.038      48.7892
   3.8154537e-15      977.579      49.1028
   3.7930111e-15      983.234      49.4273
   3.7309027e-15      989.169      49.7824
   3.7142220e-15      995.154      50.1409
   3.6168278e-15      1001.63      50.5575
   3.5533725e-15      1008.52      51.0241
   3.5384696e-15      1015.49      51.4990
   3.5247007e-15      1022.55      51.9805
   3.5215002e-15      1029.63      52.4605
   3.5176130e-15      1036.74      52.9400
   3.5074890e-15      1043.92      53.4249
   3.5070858e-15      1051.11      53.9056
   3.4951533e-15      1058.34      54.3887
   3.4733791e-15      1065.76      54.8933
   3.4130285e-15      1073.73      55.4687
   3.3935603e-15      1081.87      56.0617
   3.3129482e-15      1090.82      56.7727
   3.3067244e-15      1099.85      57.4858
   3.2952968e-15      1109.01      58.2106
   3.2951905e-15      1118.17      58.9267
   3.1989812e-15      1128.37      59.8042
   3.1685783e-15      1139.07      60.7535
   3.1508606e-15      1150.00      61.7290
   3.1004252e-15      1161.80      62.8467
   3.0109225e-15      1175.63      64.3506
   2.9953588e-15      1189.89      65.9103
   2.9920540e-15      1204.28      67.4627
   2.9646222e-15      1219.57      69.1737
   2.9166393e-15      1236.43      71.1998
   2.8359209e-15      1257.45      74.2387
   2.8292440e-15      1278.97      77.2939
   2.7928590e-15      1303.54      81.1060
